2020-08-13 22:43:19,893 : INFO : iGEM_login : Successfully logged in as ballaneypranav.
2020-08-13 22:43:19,911 : ERROR : cache_files : assets/img/Design--AI.gif is larger than the 100MB file limit. Skipping.
2020-08-13 22:43:19,912 : ERROR : cache_files : assets/img/Sample--jean-wimmerlin.jpg is larger than the 100MB file limit. Skipping.
2020-08-13 22:43:19,912 : ERROR : cache_files : assets/img/Description--josh-withers.jpg is larger than the 100MB file limit. Skipping.
2020-08-13 22:43:20,525 : INFO : iGEM_upload_file : Uploaded T--BITSPilani-Goa_India--fonts--lato-v16-latin--lato-v16-latin-100.woff to https://2020.igem.org/wiki/images/2/27/T--BITSPilani-Goa_India--fonts--lato-v16-latin--lato-v16-latin-100.woff.
2020-08-13 22:43:21,083 : INFO : iGEM_upload_file : Uploaded T--BITSPilani-Goa_India--fonts--lato-v16-latin--lato-v16-latin-300.eot to https://2020.igem.org/wiki/images/9/9a/T--BITSPilani-Goa_India--fonts--lato-v16-latin--lato-v16-latin-300.eot.
2020-08-13 22:43:21,656 : INFO : iGEM_upload_file : Uploaded T--BITSPilani-Goa_India--fonts--lato-v16-latin--lato-v16-latin-300.woff to https://2020.igem.org/wiki/images/7/78/T--BITSPilani-Goa_India--fonts--lato-v16-latin--lato-v16-latin-300.woff.
2020-08-13 22:43:22,210 : INFO : iGEM_upload_file : Uploaded T--BITSPilani-Goa_India--fonts--lato-v16-latin--lato-v16-latin-100.eot to https://2020.igem.org/wiki/images/e/ee/T--BITSPilani-Goa_India--fonts--lato-v16-latin--lato-v16-latin-100.eot.
2020-08-13 22:43:22,756 : INFO : iGEM_upload_file : Uploaded T--BITSPilani-Goa_India--fonts--lato-v16-latin--lato-v16-latin-100.ttf to https://2020.igem.org/wiki/images/0/05/T--BITSPilani-Goa_India--fonts--lato-v16-latin--lato-v16-latin-100.ttf.
2020-08-13 22:43:23,309 : INFO : iGEM_upload_file : Uploaded T--BITSPilani-Goa_India--fonts--lato-v16-latin--lato-v16-latin-300.ttf to https://2020.igem.org/wiki/images/8/89/T--BITSPilani-Goa_India--fonts--lato-v16-latin--lato-v16-latin-300.ttf.
2020-08-13 22:43:24,046 : INFO : iGEM_upload_file : Uploaded T--BITSPilani-Goa_India--fonts--lato-v16-latin--lato-v16-latin-100.svg to https://2020.igem.org/wiki/images/4/48/T--BITSPilani-Goa_India--fonts--lato-v16-latin--lato-v16-latin-100.svg.
2020-08-13 22:43:24,589 : INFO : iGEM_upload_file : Uploaded T--BITSPilani-Goa_India--img--Team--sample.png to https://2020.igem.org/wiki/images/d/da/T--BITSPilani-Goa_India--img--Team--sample.png.
2020-08-13 22:43:25,093 : INFO : iGEM_upload_file : Uploaded T--BITSPilani-Goa_India--img--Kill_Switch--type2ks.jpg to https://2020.igem.org/wiki/images/d/d2/T--BITSPilani-Goa_India--img--Kill_Switch--type2ks.jpg.
2020-08-13 22:43:25,651 : INFO : iGEM_upload_file : Uploaded T--BITSPilani-Goa_India--img--Design--KSAero.png to https://2020.igem.org/wiki/images/0/07/T--BITSPilani-Goa_India--img--Design--KSAero.png.
2020-08-13 22:43:26,293 : INFO : iGEM_upload_file : Uploaded T--BITSPilani-Goa_India--img--Desctiption--devadas.jpg to https://2020.igem.org/wiki/images/d/d6/T--BITSPilani-Goa_India--img--Desctiption--devadas.jpg.
2020-08-13 22:43:26,863 : INFO : iGEM_upload_file : Uploaded T--BITSPilani-Goa_India--img--Description--sugarandothers.png to https://2020.igem.org/wiki/images/6/66/T--BITSPilani-Goa_India--img--Description--sugarandothers.png.
2020-08-13 22:43:27,416 : INFO : iGEM_upload_file : Uploaded T--BITSPilani-Goa_India--img--Team--sample-icon.png to https://2020.igem.org/wiki/images/4/46/T--BITSPilani-Goa_India--img--Team--sample-icon.png.
2020-08-13 22:43:28,009 : INFO : iGEM_upload_file : Uploaded T--BITSPilani-Goa_India--img--Design--AIwoFruc.png to https://2020.igem.org/wiki/images/6/6d/T--BITSPilani-Goa_India--img--Design--AIwoFruc.png.
2020-08-13 22:43:28,544 : INFO : iGEM_upload_file : Uploaded T--BITSPilani-Goa_India--img--Growth_Model--GrowthPrediction.png to https://2020.igem.org/wiki/images/7/7c/T--BITSPilani-Goa_India--img--Growth_Model--GrowthPrediction.png.
2020-08-13 22:43:29,109 : INFO : iGEM_upload_file : Uploaded T--BITSPilani-Goa_India--img--Growth_Model--ODScatterPlot.png to https://2020.igem.org/wiki/images/4/45/T--BITSPilani-Goa_India--img--Growth_Model--ODScatterPlot.png.
2020-08-13 22:43:30,446 : INFO : iGEM_upload_file : Uploaded T--BITSPilani-Goa_India--icons--linkedin.svg to https://2020.igem.org/wiki/images/9/90/T--BITSPilani-Goa_India--icons--linkedin.svg.
2020-08-13 22:43:31,764 : INFO : iGEM_upload_file : Uploaded T--BITSPilani-Goa_India--icons--contents-arrow.svg to https://2020.igem.org/wiki/images/7/75/T--BITSPilani-Goa_India--icons--contents-arrow.svg.
2020-08-13 22:43:33,037 : INFO : iGEM_upload_file : Uploaded T--BITSPilani-Goa_India--icons--sun.svg to https://2020.igem.org/wiki/images/7/7a/T--BITSPilani-Goa_India--icons--sun.svg.
2020-08-13 22:43:34,886 : INFO : iGEM_upload_file : Uploaded T--BITSPilani-Goa_India--icons--moon.svg to https://2020.igem.org/wiki/images/9/99/T--BITSPilani-Goa_India--icons--moon.svg.
2020-08-13 22:43:36,031 : INFO : iGEM_upload_file : Uploaded T--BITSPilani-Goa_India--icons--facebook.svg to https://2020.igem.org/wiki/images/9/91/T--BITSPilani-Goa_India--icons--facebook.svg.
2020-08-13 22:43:36,133 : INFO : iGEM_URL : css/index.css was changed to https://2020.igem.org/Template:BITSPilani-Goa_India/css/indexCSS?action=raw&ctype=text/css in index.html.
2020-08-13 22:43:36,136 : INFO : iGEM_URL : index.bundle.js was changed to https://2020.igem.org/Template:BITSPilani-Goa_India/index-bundleJS?action=raw&ctype=text/javascript in index.html.
